[debug] [2021-03-24T15:29:51.930Z] ----------------------------------------------------------------------
[debug] [2021-03-24T15:29:51.932Z] Command:       /usr/local/bin/node /usr/local/bin/firebase deploy --only functions
[debug] [2021-03-24T15:29:51.932Z] CLI Version:   7.12.1
[debug] [2021-03-24T15:29:51.932Z] Platform:      darwin
[debug] [2021-03-24T15:29:51.932Z] Node Version:  v14.5.0
[debug] [2021-03-24T15:29:51.933Z] Time:          Wed Mar 24 2021 16:29:51 GMT+0100 (Central European Standard Time)
[debug] [2021-03-24T15:29:51.933Z] ----------------------------------------------------------------------
[debug] [2021-03-24T15:29:51.933Z] 
[debug] [2021-03-24T15:29:51.942Z] > command requires scopes: ["email","openid","https://www.googleapis.com/auth/cloudplatformprojects.readonly","https://www.googleapis.com/auth/firebase","https://www.googleapis.com/auth/cloud-platform"]
[debug] [2021-03-24T15:29:51.942Z] > authorizing via signed-in user
[debug] [2021-03-24T15:29:51.942Z] [iam] checking project elderly-ui for permissions ["cloudfunctions.functions.create","cloudfunctions.functions.delete","cloudfunctions.functions.get","cloudfunctions.functions.list","cloudfunctions.functions.update","cloudfunctions.operations.get","firebase.projects.get"]
[debug] [2021-03-24T15:29:51.943Z] > refreshing access token with scopes: ["email","https://www.googleapis.com/auth/cloud-platform","https://www.googleapis.com/auth/cloudplatformprojects.readonly","https://www.googleapis.com/auth/firebase","openid"]
[debug] [2021-03-24T15:29:51.943Z] >>> HTTP REQUEST POST https://www.googleapis.com/oauth2/v3/token  
 <request body omitted>
[debug] [2021-03-24T15:29:52.048Z] <<< HTTP RESPONSE 200
[debug] [2021-03-24T15:29:52.069Z] >>> HTTP REQUEST POST https://cloudresourcemanager.googleapis.com/v1/projects/elderly-ui:testIamPermissions  

[debug] [2021-03-24T15:29:52.666Z] <<< HTTP RESPONSE 200
[info] 
[info] === Deploying to 'elderly-ui'...
[info] 
[info] i  deploying functions
[info] Running command: npm --prefix "$RESOURCE_DIR" run lint
[info] ✔  functions: Finished running predeploy script.
[debug] [2021-03-24T15:29:54.866Z] > [functions] package.json contents: {
  "name": "functions",
  "description": "Cloud Functions for Firebase",
  "scripts": {
    "lint": "eslint .",
    "serve": "firebase serve --only functions",
    "shell": "firebase functions:shell",
    "start": "npm run shell",
    "deploy": "firebase deploy --only functions",
    "logs": "firebase functions:log"
  },
  "engines": {
    "node": "10"
  },
  "dependencies": {
    "firebase-admin": "^9.2.0",
    "firebase-functions": "^3.11.0"
  },
  "devDependencies": {
    "eslint": "^7.11.0",
    "eslint-plugin-promise": "^4.2.1",
    "firebase-functions-test": "^0.2.2"
  },
  "private": true
}
[info] i  functions: ensuring necessary APIs are enabled...
[debug] [2021-03-24T15:29:54.867Z] >>> HTTP REQUEST GET https://serviceusage.googleapis.com/v1/projects/elderly-ui/services/cloudfunctions.googleapis.com  
 
[debug] [2021-03-24T15:29:54.867Z] >>> HTTP REQUEST GET https://serviceusage.googleapis.com/v1/projects/elderly-ui/services/runtimeconfig.googleapis.com  
 
[debug] [2021-03-24T15:29:55.706Z] <<< HTTP RESPONSE 200
[debug] [2021-03-24T15:29:55.727Z] <<< HTTP RESPONSE 200
[info] ✔  functions: all necessary APIs are enabled
[debug] [2021-03-24T15:29:55.728Z] >>> HTTP REQUEST GET https://firebase.googleapis.com/v1beta1/projects/elderly-ui/adminSdkConfig  
 
[debug] [2021-03-24T15:34:32.454Z] Error: read ECONNRESET
    at TLSWrap.onStreamRead (internal/stream_base_commons.js:207:27)
[error] 
[error] Error: Server Error. read ECONNRESET
[debug] [2021-03-24T16:02:11.168Z] ----------------------------------------------------------------------
[debug] [2021-03-24T16:02:11.170Z] Command:       /usr/local/bin/node /usr/local/bin/firebase deploy --only functions
[debug] [2021-03-24T16:02:11.170Z] CLI Version:   7.12.1
[debug] [2021-03-24T16:02:11.170Z] Platform:      darwin
[debug] [2021-03-24T16:02:11.170Z] Node Version:  v14.5.0
[debug] [2021-03-24T16:02:11.171Z] Time:          Wed Mar 24 2021 17:02:11 GMT+0100 (Central European Standard Time)
[debug] [2021-03-24T16:02:11.171Z] ----------------------------------------------------------------------
[debug] [2021-03-24T16:02:11.171Z] 
[debug] [2021-03-24T16:02:11.180Z] > command requires scopes: ["email","openid","https://www.googleapis.com/auth/cloudplatformprojects.readonly","https://www.googleapis.com/auth/firebase","https://www.googleapis.com/auth/cloud-platform"]
[debug] [2021-03-24T16:02:11.180Z] > authorizing via signed-in user
[debug] [2021-03-24T16:02:11.181Z] [iam] checking project elderly-ui for permissions ["cloudfunctions.functions.create","cloudfunctions.functions.delete","cloudfunctions.functions.get","cloudfunctions.functions.list","cloudfunctions.functions.update","cloudfunctions.operations.get","firebase.projects.get"]
[debug] [2021-03-24T16:02:11.182Z] >>> HTTP REQUEST POST https://cloudresourcemanager.googleapis.com/v1/projects/elderly-ui:testIamPermissions  

[debug] [2021-03-24T16:02:14.702Z] <<< HTTP RESPONSE 200
[info] 
[info] === Deploying to 'elderly-ui'...
[info] 
[info] i  deploying functions
[info] Running command: npm --prefix "$RESOURCE_DIR" run lint
[info] ✔  functions: Finished running predeploy script.
[debug] [2021-03-24T16:02:16.838Z] > [functions] package.json contents: {
  "name": "functions",
  "description": "Cloud Functions for Firebase",
  "scripts": {
    "lint": "eslint .",
    "serve": "firebase serve --only functions",
    "shell": "firebase functions:shell",
    "start": "npm run shell",
    "deploy": "firebase deploy --only functions",
    "logs": "firebase functions:log"
  },
  "engines": {
    "node": "10"
  },
  "dependencies": {
    "firebase-admin": "^9.2.0",
    "firebase-functions": "^3.11.0"
  },
  "devDependencies": {
    "eslint": "^7.11.0",
    "eslint-plugin-promise": "^4.2.1",
    "firebase-functions-test": "^0.2.2"
  },
  "private": true
}
[info] i  functions: ensuring necessary APIs are enabled...
[debug] [2021-03-24T16:02:16.839Z] >>> HTTP REQUEST GET https://serviceusage.googleapis.com/v1/projects/elderly-ui/services/cloudfunctions.googleapis.com  
 
[debug] [2021-03-24T16:02:16.840Z] >>> HTTP REQUEST GET https://serviceusage.googleapis.com/v1/projects/elderly-ui/services/runtimeconfig.googleapis.com  
 
[debug] [2021-03-24T16:02:18.592Z] <<< HTTP RESPONSE 200
[debug] [2021-03-24T16:02:18.611Z] <<< HTTP RESPONSE 200
[info] ✔  functions: all necessary APIs are enabled
[debug] [2021-03-24T16:02:18.612Z] >>> HTTP REQUEST GET https://firebase.googleapis.com/v1beta1/projects/elderly-ui/adminSdkConfig  
 
[debug] [2021-03-24T16:06:54.005Z] Error: read ECONNRESET
    at TLSWrap.onStreamRead (internal/stream_base_commons.js:207:27)
[error] 
[error] Error: Server Error. read ECONNRESET
